<?xml version="1.0" encoding="UTF-8"?>
<!-- Generated by org.testng.reporters.JUnitReportReporter -->
<testsuite hostname="Harsha-Punisher" failures="0" tests="5" name="com.hyd.tests.Base" time="8.306" errors="0" timestamp="2024-09-12T23:58:44 IST" skipped="0">
  <testcase classname="com.hyd.tests.Base" name="getUser" time="1.980"/>
  <testcase classname="com.hyd.tests.Base" name="getUsers" time="0.168"/>
  <testcase classname="com.hyd.tests.Base" name="createUser" time="2.415"/>
  <testcase classname="com.hyd.tests.Base" name="updateUser" time="2.669"/>
  <testcase classname="com.hyd.tests.Base" name="deleteUser" time="1.074"/>
</testsuite> <!-- com.hyd.tests.Base -->
